<?xml version="1.0" encoding="UTF-8"?>
<!-- Generated by org.testng.reporters.JUnitXMLReporter -->
<testsuite ignored="0" hostname="IN-4DJ9WP3" failures="1" tests="14" name="Test" time="63.889" errors="0" timestamp="2023-09-13T23:08:31 IST">
  <testcase classname="testcases.VerifyProductsAreDisplayedOnTheHomePage" name="imageAreDisplayedOrNot" time="0.07"/>
  <testcase classname="testcases.VerifySearchFuntioanlityOnHomePage" name="FailedTestcase_matchingSearchedProduct" time="0.326"/>
  <testcase classname="testcases.VerifySearchFuntioanlityOnHomePage" name="matchingSearchedProduct" time="0.317"/>
  <testcase classname="testcases.VerifyProductImagePriceAndAddToCartButtonAreDisplayedForEachProduct" name="verifyAllElements" time="0.753"/>
  <testcase classname="testcases.VerifyAddToCartFuntionality" name="AddToCart" time="0.307"/>
  <testcase classname="testcases.VerifyProductDetailsInMiniBasket" name="checkDetailsInMiniBasket" time="0.452"/>
  <testcase classname="testcases.VerifyProductDetailsInCheckoutPage" name="checkoutPage" time="0.969"/>
  <testcase classname="testcases.VerifyOrderCannotBePlacedWithoutSelectingTermsAndConditions" name="FailingTestCase_notSelectTermsAndCondition" time="1.317"/>
  <testcase classname="testcases.VerifyOrderCannotBePlacedWithoutSelectingTermsAndConditions" name="selectTermsAndCondition" time="1.244"/>
  <testcase classname="testcases.VerifyUserCanNavigateToTermsAndConditionsPage" name="NavigateToTermsAndConditionsPage" time="1.218"/>
  <testcase classname="testcases.VerifySingleItemOrderType" name="VerifySingleLineMultiQtyOrder" time="1.283">
    <failure type="java.lang.AssertionError" message="expected [true] but found [false]">
      <![CDATA[java.lang.AssertionError: expected [true] but found [false]
at testcases.VerifySingleItemOrderType.VerifySingleLineMultiQtyOrder(VerifySingleItemOrderType.java:74)
at java.base/java.util.ArrayList.forEach(ArrayList.java:1540)
... Removed 31 stack frames]]>
    </failure>
  </testcase> <!-- VerifySingleLineMultiQtyOrder -->
  <testcase classname="testcases.VerifySingleItemOrderType" name="VerifySingleLineOrder" time="1.181"/>
  <testcase classname="testcases.VerifyMultipleItemOrderType" name="VerifyMultiLIneOrder" time="1.277"/>
  <testcase classname="testcases.VerifyMultipleItemOrderType" name="VerifyMultiLineMultiQtyOrder" time="1.642"/>
</testsuite> <!-- Test -->
